mode: set
integration-test/app/config/database/init.go:11.46,19.16 2 1
integration-test/app/config/database/init.go:19.16,22.3 2 0
integration-test/app/config/database/init.go:24.2,24.22 1 1
integration-test/app/pkg/user/entrypoint.go:21.43,22.17 1 1
integration-test/app/pkg/user/entrypoint.go:22.17,26.3 3 1
integration-test/app/pkg/user/entrypoint.go:29.57,31.2 1 1
integration-test/app/pkg/user/domain/model/aggregate/user.go:18.55,26.2 1 1
integration-test/app/pkg/user/domain/model/aggregate/user.go:28.75,36.2 1 0
integration-test/app/pkg/user/domain/model/response/user_response.go:19.64,29.2 1 0
integration-test/app/pkg/user/domain/usecase/user_usecase_impl.go:15.79,17.2 1 1
integration-test/app/pkg/user/domain/usecase/user_usecase_impl.go:19.107,21.16 2 1
integration-test/app/pkg/user/domain/usecase/user_usecase_impl.go:21.16,23.3 1 0
integration-test/app/pkg/user/domain/usecase/user_usecase_impl.go:25.2,25.21 1 1
integration-test/app/pkg/user/domain/usecase/user_usecase_impl.go:28.95,30.16 2 0
integration-test/app/pkg/user/domain/usecase/user_usecase_impl.go:30.16,32.3 1 0
integration-test/app/pkg/user/domain/usecase/user_usecase_impl.go:34.2,34.18 1 0
integration-test/app/pkg/user/domain/usecase/user_usecase_impl.go:37.85,40.16 3 1
integration-test/app/pkg/user/domain/usecase/user_usecase_impl.go:40.16,42.3 1 0
integration-test/app/pkg/user/domain/usecase/user_usecase_impl.go:44.2,44.12 1 1
integration-test/app/pkg/user/domain/usecase/user_usecase_impl.go:47.99,50.16 3 0
integration-test/app/pkg/user/domain/usecase/user_usecase_impl.go:50.16,52.3 1 0
integration-test/app/pkg/user/domain/usecase/user_usecase_impl.go:54.2,54.12 1 0
integration-test/app/pkg/user/domain/usecase/user_usecase_impl.go:57.74,59.16 2 0
integration-test/app/pkg/user/domain/usecase/user_usecase_impl.go:59.16,61.3 1 0
integration-test/app/pkg/user/domain/usecase/user_usecase_impl.go:63.2,64.16 2 0
integration-test/app/pkg/user/domain/usecase/user_usecase_impl.go:64.16,66.3 1 0
integration-test/app/pkg/user/domain/usecase/user_usecase_impl.go:68.2,68.12 1 0
integration-test/app/pkg/user/infrastructure/persistence/user_arango_repository.go:18.76,20.2 1 1
integration-test/app/pkg/user/infrastructure/persistence/user_arango_repository.go:22.113,30.46 5 1
integration-test/app/pkg/user/infrastructure/persistence/user_arango_repository.go:30.46,32.38 2 0
integration-test/app/pkg/user/infrastructure/persistence/user_arango_repository.go:32.38,34.4 1 0
integration-test/app/pkg/user/infrastructure/persistence/user_arango_repository.go:35.3,35.34 1 0
integration-test/app/pkg/user/infrastructure/persistence/user_arango_repository.go:38.2,38.49 1 1
integration-test/app/pkg/user/infrastructure/persistence/user_arango_repository.go:38.49,40.3 1 0
integration-test/app/pkg/user/infrastructure/persistence/user_arango_repository.go:42.2,47.42 4 1
integration-test/app/pkg/user/infrastructure/persistence/user_arango_repository.go:47.42,49.42 2 0
integration-test/app/pkg/user/infrastructure/persistence/user_arango_repository.go:49.42,51.4 1 0
integration-test/app/pkg/user/infrastructure/persistence/user_arango_repository.go:52.3,52.31 1 0
integration-test/app/pkg/user/infrastructure/persistence/user_arango_repository.go:55.2,60.16 5 1
integration-test/app/pkg/user/infrastructure/persistence/user_arango_repository.go:60.16,62.3 1 0
integration-test/app/pkg/user/infrastructure/persistence/user_arango_repository.go:64.2,66.23 2 1
integration-test/app/pkg/user/infrastructure/persistence/user_arango_repository.go:66.23,69.17 3 0
integration-test/app/pkg/user/infrastructure/persistence/user_arango_repository.go:69.17,71.4 1 0
integration-test/app/pkg/user/infrastructure/persistence/user_arango_repository.go:73.3,73.31 1 0
integration-test/app/pkg/user/infrastructure/persistence/user_arango_repository.go:76.2,80.27 4 1
integration-test/app/pkg/user/infrastructure/persistence/user_arango_repository.go:80.27,82.17 2 1
integration-test/app/pkg/user/infrastructure/persistence/user_arango_repository.go:82.17,84.4 1 0
integration-test/app/pkg/user/infrastructure/persistence/user_arango_repository.go:87.2,87.31 1 1
integration-test/app/pkg/user/infrastructure/persistence/user_arango_repository.go:90.101,95.16 3 0
integration-test/app/pkg/user/infrastructure/persistence/user_arango_repository.go:95.16,97.3 1 0
integration-test/app/pkg/user/infrastructure/persistence/user_arango_repository.go:99.2,99.28 1 0
integration-test/app/pkg/user/infrastructure/persistence/user_arango_repository.go:102.87,104.16 2 1
integration-test/app/pkg/user/infrastructure/persistence/user_arango_repository.go:104.16,106.3 1 0
integration-test/app/pkg/user/infrastructure/persistence/user_arango_repository.go:108.2,108.12 1 1
integration-test/app/pkg/user/infrastructure/persistence/user_arango_repository.go:111.87,113.16 2 0
integration-test/app/pkg/user/infrastructure/persistence/user_arango_repository.go:113.16,115.3 1 0
integration-test/app/pkg/user/infrastructure/persistence/user_arango_repository.go:117.2,117.12 1 0
integration-test/app/pkg/user/infrastructure/persistence/user_arango_repository.go:120.87,122.16 2 0
integration-test/app/pkg/user/infrastructure/persistence/user_arango_repository.go:122.16,124.3 1 0
integration-test/app/pkg/user/infrastructure/persistence/user_arango_repository.go:126.2,126.12 1 0
integration-test/app/pkg/user/infrastructure/util/helper.go:10.55,14.24 4 0
integration-test/app/pkg/user/infrastructure/util/helper.go:14.24,16.3 1 0
integration-test/app/pkg/user/infrastructure/util/helper.go:17.2,17.26 1 0
integration-test/app/pkg/user/infrastructure/util/helper.go:17.26,18.27 1 0
integration-test/app/pkg/user/infrastructure/util/helper.go:18.27,20.4 1 0
integration-test/app/pkg/user/infrastructure/util/helper.go:22.2,22.15 1 0
integration-test/app/pkg/user/infrastructure/util/helper.go:25.81,27.31 2 1
integration-test/app/pkg/user/infrastructure/util/helper.go:27.31,30.14 3 0
integration-test/app/pkg/user/infrastructure/util/helper.go:30.14,32.4 1 0
integration-test/app/pkg/user/infrastructure/util/helper.go:35.2,40.3 1 1
integration-test/app/pkg/user/infrastructure/util/helper.go:43.77,47.2 2 1
integration-test/app/pkg/user/interface/controller/user_controller.go:20.111,25.2 1 1
integration-test/app/pkg/user/interface/controller/user_controller.go:27.52,37.16 5 1
integration-test/app/pkg/user/interface/controller/user_controller.go:37.16,41.3 3 0
integration-test/app/pkg/user/interface/controller/user_controller.go:43.2,44.16 2 1
integration-test/app/pkg/user/interface/controller/user_controller.go:44.16,48.3 3 0
integration-test/app/pkg/user/interface/controller/user_controller.go:50.2,53.49 3 1
integration-test/app/pkg/user/interface/controller/user_controller.go:56.57,65.16 4 0
integration-test/app/pkg/user/interface/controller/user_controller.go:65.16,69.3 3 0
integration-test/app/pkg/user/interface/controller/user_controller.go:71.2,72.16 2 0
integration-test/app/pkg/user/interface/controller/user_controller.go:72.16,76.3 3 0
integration-test/app/pkg/user/interface/controller/user_controller.go:78.2,79.49 2 0
integration-test/app/pkg/user/interface/controller/user_controller.go:82.51,93.16 6 1
integration-test/app/pkg/user/interface/controller/user_controller.go:93.16,97.3 3 1
integration-test/app/pkg/user/interface/controller/user_controller.go:99.2,100.16 2 1
integration-test/app/pkg/user/interface/controller/user_controller.go:100.16,104.3 3 0
integration-test/app/pkg/user/interface/controller/user_controller.go:106.2,107.49 2 1
integration-test/app/pkg/user/interface/controller/user_controller.go:110.55,122.16 6 0
integration-test/app/pkg/user/interface/controller/user_controller.go:122.16,126.3 3 0
integration-test/app/pkg/user/interface/controller/user_controller.go:128.2,129.16 2 0
integration-test/app/pkg/user/interface/controller/user_controller.go:129.16,133.3 3 0
integration-test/app/pkg/user/interface/controller/user_controller.go:135.2,136.16 2 0
integration-test/app/pkg/user/interface/controller/user_controller.go:136.16,140.3 3 0
integration-test/app/pkg/user/interface/controller/user_controller.go:142.2,143.49 2 0
integration-test/app/pkg/user/interface/controller/user_controller.go:146.55,155.16 4 0
integration-test/app/pkg/user/interface/controller/user_controller.go:155.16,159.3 3 0
integration-test/app/pkg/user/interface/controller/user_controller.go:161.2,162.16 2 0
integration-test/app/pkg/user/interface/controller/user_controller.go:162.16,166.3 3 0
integration-test/app/pkg/user/interface/controller/user_controller.go:168.2,169.49 2 0
integration-test/app/pkg/user/interface/controller/user_controller.go:172.70,180.16 7 1
integration-test/app/pkg/user/interface/controller/user_controller.go:180.16,182.3 1 1
integration-test/app/pkg/user/interface/controller/user_controller.go:183.2,187.16 4 1
integration-test/app/pkg/user/interface/controller/user_controller.go:187.16,189.3 1 1
integration-test/app/pkg/user/interface/controller/user_controller.go:190.2,191.16 2 1
integration-test/app/pkg/user/interface/exception/error_handler.go:12.41,13.34 1 1
integration-test/app/pkg/user/interface/exception/error_handler.go:13.34,17.3 2 0
integration-test/app/pkg/user/interface/exception/error_handler.go:20.72,22.80 1 1
integration-test/app/pkg/user/interface/exception/error_handler.go:22.80,24.3 1 0
integration-test/app/pkg/user/interface/exception/error_handler.go:26.2,26.51 1 1
integration-test/app/pkg/user/interface/exception/error_handler.go:26.51,28.3 1 1
integration-test/app/pkg/user/interface/exception/error_handler.go:30.2,30.65 1 0
integration-test/app/pkg/user/interface/response/api_response.go:11.57,17.2 1 1
integration-test/app/pkg/user/interface/response/api_response.go:19.70,24.2 1 1
integration-test/app/pkg/user/interface/response/api_response.go:26.85,32.2 1 0
integration-test/app/pkg/user/interface/response/api_response.go:34.118,41.2 1 1
integration-test/database/database/database.go:10.63,18.16 4 1
integration-test/database/database/database.go:18.16,20.3 1 0
integration-test/database/database/database.go:22.2,22.12 1 1
integration-test/database/migrations/UserCollection.go:10.53,20.16 6 1
integration-test/database/migrations/UserCollection.go:20.16,22.3 1 0
integration-test/database/migrations/UserCollection.go:24.2,24.20 1 1
integration-test/database/migrations/UserCollection.go:24.20,26.17 2 1
integration-test/database/migrations/UserCollection.go:26.17,28.4 1 0
integration-test/database/migrations/UserCollection.go:29.8,31.17 2 0
integration-test/database/migrations/UserCollection.go:31.17,33.4 1 0
integration-test/database/migrations/UserCollection.go:36.2,37.16 2 1
integration-test/database/migrations/UserCollection.go:37.16,39.3 1 0
integration-test/routes/routes.go:9.69,14.2 4 1
integration-test/routes/routes.go:14.2,20.3 5 1
integration-test/utils/arangodb/arangodb.go:28.79,33.16 2 1
integration-test/utils/arangodb/arangodb.go:33.16,35.3 1 0
integration-test/utils/arangodb/arangodb.go:37.2,41.16 2 1
integration-test/utils/arangodb/arangodb.go:41.16,43.3 1 0
integration-test/utils/arangodb/arangodb.go:45.2,47.16 3 1
integration-test/utils/arangodb/arangodb.go:47.16,49.3 1 0
integration-test/utils/arangodb/arangodb.go:51.2,54.8 1 1
integration-test/utils/arangodb/arangodb.go:57.43,59.2 1 1
integration-test/utils/arangodb/arangodb.go:61.41,63.2 1 1
integration-test/utils/arangodb/arangodb.go:65.124,70.36 3 0
integration-test/utils/arangodb/arangodb.go:70.36,71.40 1 0
integration-test/utils/arangodb/arangodb.go:71.40,73.37 1 0
integration-test/utils/arangodb/arangodb.go:73.37,78.36 4 0
integration-test/utils/arangodb/arangodb.go:78.36,79.24 1 0
integration-test/utils/arangodb/arangodb.go:79.24,81.7 1 0
integration-test/utils/arangodb/arangodb.go:81.12,84.7 2 0
integration-test/utils/arangodb/arangodb.go:87.5,87.10 1 0
integration-test/utils/arangodb/arangodb.go:92.2,92.56 1 0
integration-test/utils/arangodb/arangodb.go:92.56,96.29 3 0
integration-test/utils/arangodb/arangodb.go:96.29,98.4 1 0
integration-test/utils/arangodb/arangodb.go:100.3,100.18 1 0
integration-test/utils/arangodb/arangodb.go:100.18,102.38 2 0
integration-test/utils/arangodb/arangodb.go:102.38,103.15 1 0
integration-test/utils/arangodb/arangodb.go:103.15,105.6 1 0
integration-test/utils/arangodb/arangodb.go:105.11,107.6 1 0
integration-test/utils/arangodb/arangodb.go:109.5,109.8 1 0
integration-test/utils/arangodb/arangodb.go:114.2,114.21 1 0
integration-test/utils/arangodb/arangodb.go:117.84,122.16 4 0
integration-test/utils/arangodb/arangodb.go:122.16,124.3 1 0
integration-test/utils/arangodb/arangodb.go:126.2,126.22 1 0
integration-test/utils/arangodb/arangodb.go:126.22,129.17 2 0
integration-test/utils/arangodb/arangodb.go:129.17,131.4 1 0
integration-test/utils/arangodb/arangodb.go:134.2,134.19 1 0
integration-test/utils/arangodb/arangodb.go:137.90,142.16 4 0
integration-test/utils/arangodb/arangodb.go:142.16,144.3 1 0
integration-test/utils/arangodb/arangodb.go:146.2,146.21 1 0
integration-test/utils/arangodb/arangodb.go:146.21,151.3 3 0
integration-test/utils/arangodb/arangodb.go:153.2,153.18 1 0
integration-test/utils/arangodb/arangodb.go:156.94,159.16 3 0
integration-test/utils/arangodb/arangodb.go:159.16,161.3 1 0
integration-test/utils/arangodb/arangodb.go:163.2,163.22 1 0
integration-test/utils/arangodb/arangodb.go:163.22,165.3 1 0
integration-test/utils/arangodb/arangodb.go:167.2,167.12 1 0
integration-test/utils/arangodb/arangodb.go:170.57,172.27 2 0
integration-test/utils/arangodb/arangodb.go:172.27,174.13 2 0
integration-test/utils/arangodb/arangodb.go:174.13,179.31 4 0
integration-test/utils/arangodb/arangodb.go:179.31,181.5 1 0
integration-test/utils/arangodb/arangodb.go:184.2,185.12 2 0
integration-test/utils/arangodb/arangodb_model.go:32.45,36.2 3 0
integration-test/utils/arangodb/arangodb_model.go:38.35,40.2 1 0
integration-test/utils/arangodb/arangodb_model.go:42.36,44.2 1 0
integration-test/utils/arangodb/arangodb_model.go:46.42,49.2 2 0
integration-test/utils/arangodb/arangodb_model.go:51.38,53.2 1 0
integration-test/utils/arangodb/arangodb_repository.go:23.77,27.2 1 0
integration-test/utils/arangodb/arangodb_repository.go:29.77,42.16 5 0
integration-test/utils/arangodb/arangodb_repository.go:42.16,45.3 2 0
integration-test/utils/arangodb/arangodb_repository.go:47.2,47.22 1 0
integration-test/utils/arangodb/arangodb_repository.go:47.22,50.3 2 0
integration-test/utils/arangodb/arangodb_repository.go:52.2,53.12 2 0
integration-test/utils/arangodb/arangodb_repository.go:56.68,59.16 3 0
integration-test/utils/arangodb/arangodb_repository.go:59.16,62.3 2 0
integration-test/utils/arangodb/arangodb_repository.go:64.2,66.16 3 0
integration-test/utils/arangodb/arangodb_repository.go:66.16,69.3 2 0
integration-test/utils/arangodb/arangodb_repository.go:71.2,73.12 2 0
integration-test/utils/arangodb/arangodb_repository.go:76.68,79.16 3 0
integration-test/utils/arangodb/arangodb_repository.go:79.16,82.3 2 0
integration-test/utils/arangodb/arangodb_repository.go:84.2,86.16 3 0
integration-test/utils/arangodb/arangodb_repository.go:86.16,89.3 2 0
integration-test/utils/arangodb/arangodb_repository.go:91.2,91.12 1 0
integration-test/utils/arangodb/arangodb_repository.go:94.68,97.16 3 0
integration-test/utils/arangodb/arangodb_repository.go:97.16,100.3 2 0
integration-test/utils/arangodb/arangodb_repository.go:102.2,103.16 2 0
integration-test/utils/arangodb/arangodb_repository.go:103.16,106.3 2 0
integration-test/utils/arangodb/arangodb_repository.go:108.2,108.12 1 0
integration-test/utils/errors/errors.go:9.13,11.2 1 1
integration-test/utils/middleware/cors.go:9.39,10.30 1 1
integration-test/utils/middleware/cors.go:10.30,18.36 7 1
integration-test/utils/middleware/cors.go:18.36,21.4 2 0
integration-test/utils/middleware/cors.go:23.3,23.11 1 1
integration-test/utils/middleware/json.go:5.39,6.30 1 1
integration-test/utils/middleware/json.go:6.30,9.3 2 1
integration-test/utils/middleware/request_id.go:8.34,9.30 1 1
integration-test/utils/middleware/request_id.go:9.30,14.22 2 1
integration-test/utils/middleware/request_id.go:14.22,16.4 1 1
integration-test/utils/middleware/request_id.go:19.3,23.11 3 1
integration-test/utils/models/response_model.go:22.41,25.19 2 0
integration-test/utils/models/response_model.go:25.19,27.3 1 0
integration-test/utils/models/response_model.go:27.8,29.3 1 0
integration-test/utils/models/response_model.go:31.2,31.20 1 0
integration-test/utils/models/response_model.go:31.20,32.34 1 0
integration-test/utils/models/response_model.go:32.34,34.4 1 0
integration-test/utils/models/response_model.go:35.3,35.22 1 0
integration-test/utils/models/response_model.go:38.2,38.13 1 0
integration-test/utils/models/response_model.go:41.60,47.2 1 0
